<?xml version="1.0" encoding="UTF-8"?>
<!-- Generated by org.testng.reporters.JUnitXMLReporter -->
<testsuite ignored="2" hostname="Kush-PC" failures="0" tests="2" name="QA" time="25.9" errors="0" timestamp="25 Jul 2022 12:36:44 GMT">
  <testcase classname="script.TestClass1" name="testA" time="0.011"/>
  <testcase classname="script.TestClass2" name="testLogin" time="0.002"/>
  <testcase classname="generic.BaseTest" name="@BeforeSuite createReport" time="0.0">
    <ignored/>
  </testcase> <!-- @BeforeSuite createReport -->
  <testcase classname="generic.BaseTest" name="@AfterSuite publishReport" time="0.0">
    <ignored/>
  </testcase> <!-- @AfterSuite publishReport -->
</testsuite> <!-- QA -->
