<?xml version="1.0" encoding="UTF-8"?>
<!-- Generated by org.testng.reporters.JUnitXMLReporter -->
<testsuite ignored="2" hostname="Kush-PC" failures="0" tests="2" name="QA" time="72.077" errors="0" timestamp="27 Jul 2022 17:31:18 GMT">
  <testcase classname="script.ValidLogin" name="testValidLogin" time="6.773"/>
  <testcase classname="script.InValidLogin" name="testInvalidLogin" time="2.53"/>
  <testcase classname="generic.BaseTest" name="@BeforeSuite createReport" time="0.0">
    <ignored/>
  </testcase> <!-- @BeforeSuite createReport -->
  <testcase classname="generic.BaseTest" name="@AfterSuite publishReport" time="0.0">
    <ignored/>
  </testcase> <!-- @AfterSuite publishReport -->
</testsuite> <!-- QA -->
