<?xml version="1.0" encoding="UTF-8"?>
<testng-results ignored="0" total="1" passed="1" failed="0" skipped="0">
  <reporter-output>
  </reporter-output>
  <suite started-at="2022-07-27T02:31:06Z" name="Default suite" finished-at="2022-07-27T02:31:35Z" duration-ms="28261">
    <groups>
    </groups>
    <test started-at="2022-07-27T02:31:06Z" name="Default test" finished-at="2022-07-27T02:31:35Z" duration-ms="28261">
      <class name="script.InValidLogin">
        <test-method is-config="true" signature="createReport()[pri:0, instance:script.InValidLogin@600b90df]" started-at="2022-07-27T02:31:06Z" name="createReport" finished-at="2022-07-27T02:31:06Z" duration-ms="887" status="PASS">
          <reporter-output>
          </reporter-output>
        </test-method> <!-- createReport -->
        <test-method is-config="true" signature="openApp(java.lang.reflect.Method, java.lang.String)[pri:0, instance:script.InValidLogin@600b90df]" started-at="2022-07-27T02:31:06Z" name="openApp" finished-at="2022-07-27T02:31:28Z" duration-ms="21486" status="PASS">
          <params>
            <param index="0">
              <value>
                <![CDATA[public void script.InValidLogin.testInvalidLogin()]]>
              </value>
            </param>
            <param index="1">
              <value>
                <![CDATA[config.properties]]>
              </value>
            </param>
          </params>
          <reporter-output>
          </reporter-output>
        </test-method> <!-- openApp -->
        <test-method signature="testInvalidLogin()[pri:2, instance:script.InValidLogin@600b90df]" started-at="2022-07-27T02:31:28Z" name="testInvalidLogin" finished-at="2022-07-27T02:31:33Z" duration-ms="5277" status="PASS">
          <reporter-output>
          </reporter-output>
        </test-method> <!-- testInvalidLogin -->
        <test-method is-config="true" signature="closeApp(org.testng.ITestResult)[pri:0, instance:script.InValidLogin@600b90df]" started-at="2022-07-27T02:31:33Z" name="closeApp" finished-at="2022-07-27T02:31:35Z" duration-ms="1449" status="PASS">
          <params>
            <param index="0">
              <value>
                <![CDATA[[TestResult name=testInvalidLogin status=SUCCESS method=InValidLogin.testInvalidLogin()[pri:2, instance:script.InValidLogin@600b90df] output={null}]]]>
              </value>
            </param>
          </params>
          <reporter-output>
          </reporter-output>
        </test-method> <!-- closeApp -->
        <test-method is-config="true" signature="publishReport()[pri:0, instance:script.InValidLogin@600b90df]" started-at="2022-07-27T02:31:35Z" name="publishReport" finished-at="2022-07-27T02:31:35Z" duration-ms="635" status="PASS">
          <reporter-output>
          </reporter-output>
        </test-method> <!-- publishReport -->
      </class> <!-- script.InValidLogin -->
    </test> <!-- Default test -->
  </suite> <!-- Default suite -->
</testng-results>
